2002.06.27 21:09 B e:\data\www\babypics\1week\babypics_1week.bak --> ftp.thewoolleyweb.com /www/www/babypics/1week babypics_1week.bak
2002.06.27 21:09 B e:\data\www\babypics\1week\babypics_1week.htm --> ftp.thewoolleyweb.com /www/www/babypics/1week babypics_1week.htm
2002.06.27 21:09 B e:\data\www\babypics\1week\kgw_2001-05-06_01.jpg --> ftp.thewoolleyweb.com /www/www/babypics/1week kgw_2001-05-06_01.jpg
2002.06.27 21:09 B e:\data\www\babypics\1week\kgw_2001-05-06_02.jpg --> ftp.thewoolleyweb.com /www/www/babypics/1week kgw_2001-05-06_02.jpg
2002.06.27 21:09 B e:\data\www\babypics\1week\kgw_2001-05-06_03.jpg --> ftp.thewoolleyweb.com /www/www/babypics/1week kgw_2001-05-06_03.jpg
2002.06.27 21:09 B e:\data\www\babypics\1week\kgw_2001-05-06_04.jpg --> ftp.thewoolleyweb.com /www/www/babypics/1week kgw_2001-05-06_04.jpg
2002.06.27 21:09 B e:\data\www\babypics\1week\kgw_2001-05-06_05.jpg --> ftp.thewoolleyweb.com /www/www/babypics/1week kgw_2001-05-06_05.jpg
2002.06.27 21:09 B e:\data\www\babypics\1week\kgw_2001-05-06_06.jpg --> ftp.thewoolleyweb.com /www/www/babypics/1week kgw_2001-05-06_06.jpg
2002.06.27 21:09 B e:\data\www\babypics\1week\kgw_2001-05-08_01.jpg --> ftp.thewoolleyweb.com /www/www/babypics/1week kgw_2001-05-08_01.jpg
2002.06.27 21:09 B e:\data\www\babypics\1week\kgw_2001-05-08_02.jpg --> ftp.thewoolleyweb.com /www/www/babypics/1week kgw_2001-05-08_02.jpg
2002.06.27 21:09 B e:\data\www\babypics\1week\kgw_2001-05-08_03.jpg --> ftp.thewoolleyweb.com /www/www/babypics/1week kgw_2001-05-08_03.jpg
2002.06.27 21:09 B e:\data\www\babypics\1week\kgw_2001-05-08_04.jpg --> ftp.thewoolleyweb.com /www/www/babypics/1week kgw_2001-05-08_04.jpg
2002.06.27 21:09 B e:\data\www\babypics\1week\kgw_2001-05-08_05.jpg --> ftp.thewoolleyweb.com /www/www/babypics/1week kgw_2001-05-08_05.jpg
2002.06.27 21:09 B e:\data\www\babypics\1week\kgw_2001-05-08_06.jpg --> ftp.thewoolleyweb.com /www/www/babypics/1week kgw_2001-05-08_06.jpg
2002.06.27 21:09 B e:\data\www\babypics\1week\kgw_2001-05-08_07.jpg --> ftp.thewoolleyweb.com /www/www/babypics/1week kgw_2001-05-08_07.jpg
2002.06.27 21:09 B e:\data\www\babypics\1week\Thumbnail.pmio --> ftp.thewoolleyweb.com /www/www/babypics/1week Thumbnail.pmio
2002.06.27 21:09 B e:\data\www\babypics\1week\tn_kgw_2001-05-06_01_jpg.jpg --> ftp.thewoolleyweb.com /www/www/babypics/1week tn_kgw_2001-05-06_01_jpg.jpg
2002.06.27 21:09 B e:\data\www\babypics\1week\tn_kgw_2001-05-06_02_jpg.jpg --> ftp.thewoolleyweb.com /www/www/babypics/1week tn_kgw_2001-05-06_02_jpg.jpg
2002.06.27 21:09 B e:\data\www\babypics\1week\tn_kgw_2001-05-06_03_jpg.jpg --> ftp.thewoolleyweb.com /www/www/babypics/1week tn_kgw_2001-05-06_03_jpg.jpg
2002.06.27 21:09 B e:\data\www\babypics\1week\tn_kgw_2001-05-06_04_jpg.jpg --> ftp.thewoolleyweb.com /www/www/babypics/1week tn_kgw_2001-05-06_04_jpg.jpg
2002.06.27 21:10 B e:\data\www\babypics\1week\tn_kgw_2001-05-06_05_jpg.jpg --> ftp.thewoolleyweb.com /www/www/babypics/1week tn_kgw_2001-05-06_05_jpg.jpg
2002.06.27 21:10 B e:\data\www\babypics\1week\tn_kgw_2001-05-06_06_jpg.jpg --> ftp.thewoolleyweb.com /www/www/babypics/1week tn_kgw_2001-05-06_06_jpg.jpg
2002.06.27 21:10 B e:\data\www\babypics\1week\tn_kgw_2001-05-08_01_jpg.jpg --> ftp.thewoolleyweb.com /www/www/babypics/1week tn_kgw_2001-05-08_01_jpg.jpg
2002.06.27 21:10 B e:\data\www\babypics\1week\tn_kgw_2001-05-08_02_jpg.jpg --> ftp.thewoolleyweb.com /www/www/babypics/1week tn_kgw_2001-05-08_02_jpg.jpg
2002.06.27 21:10 B e:\data\www\babypics\1week\tn_kgw_2001-05-08_03_jpg.jpg --> ftp.thewoolleyweb.com /www/www/babypics/1week tn_kgw_2001-05-08_03_jpg.jpg
2002.06.27 21:10 B e:\data\www\babypics\1week\tn_kgw_2001-05-08_04_jpg.jpg --> ftp.thewoolleyweb.com /www/www/babypics/1week tn_kgw_2001-05-08_04_jpg.jpg
2002.06.27 21:10 B e:\data\www\babypics\1week\tn_kgw_2001-05-08_05_jpg.jpg --> ftp.thewoolleyweb.com /www/www/babypics/1week tn_kgw_2001-05-08_05_jpg.jpg
2002.06.27 21:10 B e:\data\www\babypics\1week\tn_kgw_2001-05-08_06_jpg.jpg --> ftp.thewoolleyweb.com /www/www/babypics/1week tn_kgw_2001-05-08_06_jpg.jpg
2002.06.27 21:10 B e:\data\www\babypics\1week\tn_kgw_2001-05-08_07_jpg.jpg --> ftp.thewoolleyweb.com /www/www/babypics/1week tn_kgw_2001-05-08_07_jpg.jpg
